C:\Program Files (x86)\Microsoft Visual Studio\2017\Community\Common7\IDE\VC\VCTargets\Microsoft.CppBuild.targets(391,5): warning MSB8028: 중간 디렉터리(Debug\)에 다른 프로젝트(Project5.vcxproj)에서 공유하는 파일이 포함되어 있습니다.  이로 인해 잘못된 정리 및 다시 빌드 동작이 수행될 수 있습니다.
  소스.cpp
c:\users\lee\desktop\c&c_testing\sock_client\project5\소스.cpp(35): warning C4307: '*': 정수 계열 상수 오버플로입니다.
c:\users\lee\desktop\c&c_testing\sock_client\project5\소스.cpp(44): warning C4307: '*': 정수 계열 상수 오버플로입니다.
c:\users\lee\desktop\c&c_testing\sock_client\project5\소스.cpp(53): warning C4307: '*': 정수 계열 상수 오버플로입니다.
c:\users\lee\desktop\c&c_testing\sock_client\project5\소스.cpp(36): warning C4996: 'strcpy': This function or variable may be unsafe. Consider using strcpy_s instead. To disable deprecation, use _CRT_SECURE_NO_WARNINGS. See online help for details.
  c:\program files (x86)\windows kits\10\include\10.0.17134.0\ucrt\string.h(133): note: 'strcpy' 선언을 참조하십시오.
c:\users\lee\desktop\c&c_testing\sock_client\project5\소스.cpp(45): warning C4996: 'strcpy': This function or variable may be unsafe. Consider using strcpy_s instead. To disable deprecation, use _CRT_SECURE_NO_WARNINGS. See online help for details.
  c:\program files (x86)\windows kits\10\include\10.0.17134.0\ucrt\string.h(133): note: 'strcpy' 선언을 참조하십시오.
c:\users\lee\desktop\c&c_testing\sock_client\project5\소스.cpp(54): warning C4996: 'strcpy': This function or variable may be unsafe. Consider using strcpy_s instead. To disable deprecation, use _CRT_SECURE_NO_WARNINGS. See online help for details.
  c:\program files (x86)\windows kits\10\include\10.0.17134.0\ucrt\string.h(133): note: 'strcpy' 선언을 참조하십시오.
c:\users\lee\desktop\c&c_testing\sock_client\project5\소스.cpp(64): warning C4996: 'scanf': This function or variable may be unsafe. Consider using scanf_s instead. To disable deprecation, use _CRT_SECURE_NO_WARNINGS. See online help for details.
  c:\program files (x86)\windows kits\10\include\10.0.17134.0\ucrt\stdio.h(1274): note: 'scanf' 선언을 참조하십시오.
c:\users\lee\desktop\c&c_testing\sock_client\project5\소스.cpp(65): warning C4996: 'strcpy': This function or variable may be unsafe. Consider using strcpy_s instead. To disable deprecation, use _CRT_SECURE_NO_WARNINGS. See online help for details.
  c:\program files (x86)\windows kits\10\include\10.0.17134.0\ucrt\string.h(133): note: 'strcpy' 선언을 참조하십시오.
c:\users\lee\desktop\c&c_testing\sock_client\project5\소스.cpp(66): warning C4996: 'strcpy': This function or variable may be unsafe. Consider using strcpy_s instead. To disable deprecation, use _CRT_SECURE_NO_WARNINGS. See online help for details.
  c:\program files (x86)\windows kits\10\include\10.0.17134.0\ucrt\string.h(133): note: 'strcpy' 선언을 참조하십시오.
c:\users\lee\desktop\c&c_testing\sock_client\project5\소스.cpp(69): warning C4996: 'strcat': This function or variable may be unsafe. Consider using strcat_s instead. To disable deprecation, use _CRT_SECURE_NO_WARNINGS. See online help for details.
  c:\program files (x86)\windows kits\10\include\10.0.17134.0\ucrt\string.h(90): note: 'strcat' 선언을 참조하십시오.
c:\users\lee\desktop\c&c_testing\sock_client\project5\소스.cpp(71): warning C4996: 'strcat': This function or variable may be unsafe. Consider using strcat_s instead. To disable deprecation, use _CRT_SECURE_NO_WARNINGS. See online help for details.
  c:\program files (x86)\windows kits\10\include\10.0.17134.0\ucrt\string.h(90): note: 'strcat' 선언을 참조하십시오.
c:\users\lee\desktop\c&c_testing\sock_client\project5\소스.cpp(119): warning C4996: 'scanf': This function or variable may be unsafe. Consider using scanf_s instead. To disable deprecation, use _CRT_SECURE_NO_WARNINGS. See online help for details.
  c:\program files (x86)\windows kits\10\include\10.0.17134.0\ucrt\stdio.h(1274): note: 'scanf' 선언을 참조하십시오.
  Project5.vcxproj -> C:\Users\lee\Desktop\c&c_testing\sock_client\Debug\sock_client.exe
